<?xml version="1.0" encoding="UTF-8"?>
<!-- Generated by org.testng.reporters.JUnitXMLReporter -->
<testsuite ignored="0" hostname="Shilpa" failures="0" tests="3" name="Default test" time="30.235" errors="0" timestamp="2025-02-27T10:58:39 IST">
  <testcase classname="com.comcast.crm.orgtest.CreateOrg_testngTest" name="createOrgTest" time="6.517"/>
  <testcase classname="com.comcast.crm.orgtest.CreateOrg_testngTest" name="createOrgWithIndustryTest" time="5.362"/>
  <testcase classname="com.comcast.crm.orgtest.CreateOrg_testngTest" name="createOrgWithPhoneNoTest" time="5.62"/>
</testsuite> <!-- Default test -->
