<?xml version="1.0" encoding="UTF-8"?>
<testng-results ignored="0" total="3" passed="3" failed="0" skipped="0">
  <reporter-output>
  </reporter-output>
  <suite started-at="2025-02-27T10:58:09 IST" name="Default suite" finished-at="2025-02-27T10:58:39 IST" duration-ms="30235">
    <groups>
      <group name="regressionTest">
        <method signature="CreateOrg_testngTest.createOrgWithIndustryTest()[pri:0, instance:com.comcast.crm.orgtest.CreateOrg_testngTest@74e28667]" name="createOrgWithIndustryTest" class="com.comcast.crm.orgtest.CreateOrg_testngTest"/>
        <method signature="CreateOrg_testngTest.createOrgWithPhoneNoTest()[pri:0, instance:com.comcast.crm.orgtest.CreateOrg_testngTest@74e28667]" name="createOrgWithPhoneNoTest" class="com.comcast.crm.orgtest.CreateOrg_testngTest"/>
      </group> <!-- regressionTest -->
      <group name="smokeTest">
        <method signature="CreateOrg_testngTest.createOrgTest()[pri:0, instance:com.comcast.crm.orgtest.CreateOrg_testngTest@74e28667]" name="createOrgTest" class="com.comcast.crm.orgtest.CreateOrg_testngTest"/>
        <method signature="CreateOrg_testngTest.createOrgWithIndustryTest()[pri:0, instance:com.comcast.crm.orgtest.CreateOrg_testngTest@74e28667]" name="createOrgWithIndustryTest" class="com.comcast.crm.orgtest.CreateOrg_testngTest"/>
      </group> <!-- smokeTest -->
    </groups>
    <test started-at="2025-02-27T10:58:09 IST" name="Default test" finished-at="2025-02-27T10:58:39 IST" duration-ms="30235">
      <class name="com.comcast.crm.orgtest.CreateOrg_testngTest">
        <test-method is-config="true" signature="configBS()[pri:0, instance:com.comcast.crm.orgtest.CreateOrg_testngTest@74e28667]" started-at="2025-02-27T10:58:08 IST" name="configBS" finished-at="2025-02-27T10:58:09 IST" duration-ms="793" status="PASS">
          <reporter-output>
          </reporter-output>
        </test-method> <!-- configBS -->
        <test-method is-config="true" signature="configBC()[pri:0, instance:com.comcast.crm.orgtest.CreateOrg_testngTest@74e28667]" started-at="2025-02-27T10:58:09 IST" name="configBC" finished-at="2025-02-27T10:58:11 IST" duration-ms="2486" status="PASS">
          <reporter-output>
          </reporter-output>
        </test-method> <!-- configBC -->
        <test-method is-config="true" signature="configBM()[pri:0, instance:com.comcast.crm.orgtest.CreateOrg_testngTest@74e28667]" started-at="2025-02-27T10:58:11 IST" name="configBM" finished-at="2025-02-27T10:58:14 IST" duration-ms="3072" status="PASS">
          <reporter-output>
          </reporter-output>
        </test-method> <!-- configBM -->
        <test-method signature="createOrgTest()[pri:0, instance:com.comcast.crm.orgtest.CreateOrg_testngTest@74e28667]" started-at="2025-02-27T10:58:14 IST" name="createOrgTest" finished-at="2025-02-27T10:58:21 IST" duration-ms="6517" status="PASS">
          <reporter-output>
          </reporter-output>
        </test-method> <!-- createOrgTest -->
        <test-method is-config="true" signature="configAM()[pri:0, instance:com.comcast.crm.orgtest.CreateOrg_testngTest@74e28667]" started-at="2025-02-27T10:58:21 IST" name="configAM" finished-at="2025-02-27T10:58:22 IST" duration-ms="1043" status="PASS">
          <reporter-output>
          </reporter-output>
        </test-method> <!-- configAM -->
        <test-method is-config="true" signature="configBM()[pri:0, instance:com.comcast.crm.orgtest.CreateOrg_testngTest@74e28667]" started-at="2025-02-27T10:58:22 IST" name="configBM" finished-at="2025-02-27T10:58:23 IST" duration-ms="1520" status="PASS">
          <reporter-output>
          </reporter-output>
        </test-method> <!-- configBM -->
        <test-method signature="createOrgWithIndustryTest()[pri:0, instance:com.comcast.crm.orgtest.CreateOrg_testngTest@74e28667]" started-at="2025-02-27T10:58:23 IST" name="createOrgWithIndustryTest" finished-at="2025-02-27T10:58:29 IST" duration-ms="5362" status="PASS">
          <reporter-output>
          </reporter-output>
        </test-method> <!-- createOrgWithIndustryTest -->
        <test-method is-config="true" signature="configAM()[pri:0, instance:com.comcast.crm.orgtest.CreateOrg_testngTest@74e28667]" started-at="2025-02-27T10:58:29 IST" name="configAM" finished-at="2025-02-27T10:58:30 IST" duration-ms="1308" status="PASS">
          <reporter-output>
          </reporter-output>
        </test-method> <!-- configAM -->
        <test-method is-config="true" signature="configBM()[pri:0, instance:com.comcast.crm.orgtest.CreateOrg_testngTest@74e28667]" started-at="2025-02-27T10:58:30 IST" name="configBM" finished-at="2025-02-27T10:58:32 IST" duration-ms="1759" status="PASS">
          <reporter-output>
          </reporter-output>
        </test-method> <!-- configBM -->
        <test-method signature="createOrgWithPhoneNoTest()[pri:0, instance:com.comcast.crm.orgtest.CreateOrg_testngTest@74e28667]" started-at="2025-02-27T10:58:32 IST" name="createOrgWithPhoneNoTest" finished-at="2025-02-27T10:58:37 IST" duration-ms="5620" status="PASS">
          <reporter-output>
          </reporter-output>
        </test-method> <!-- createOrgWithPhoneNoTest -->
        <test-method is-config="true" signature="configAM()[pri:0, instance:com.comcast.crm.orgtest.CreateOrg_testngTest@74e28667]" started-at="2025-02-27T10:58:37 IST" name="configAM" finished-at="2025-02-27T10:58:38 IST" duration-ms="975" status="PASS">
          <reporter-output>
          </reporter-output>
        </test-method> <!-- configAM -->
        <test-method is-config="true" signature="configAC()[pri:0, instance:com.comcast.crm.orgtest.CreateOrg_testngTest@74e28667]" started-at="2025-02-27T10:58:38 IST" name="configAC" finished-at="2025-02-27T10:58:39 IST" duration-ms="513" status="PASS">
          <reporter-output>
          </reporter-output>
        </test-method> <!-- configAC -->
        <test-method is-config="true" signature="configAS()[pri:0, instance:com.comcast.crm.orgtest.CreateOrg_testngTest@74e28667]" started-at="2025-02-27T10:58:39 IST" name="configAS" finished-at="2025-02-27T10:58:39 IST" duration-ms="16" status="PASS">
          <reporter-output>
          </reporter-output>
        </test-method> <!-- configAS -->
      </class> <!-- com.comcast.crm.orgtest.CreateOrg_testngTest -->
    </test> <!-- Default test -->
  </suite> <!-- Default suite -->
</testng-results>
